<?xml version="1.0" encoding="UTF-8"?>
<testng-results ignored="0" total="1" passed="1" failed="0" skipped="0">
  <reporter-output>
  </reporter-output>
  <suite started-at="2023-01-14T11:38:23 GMT+01:00" name="Suite" finished-at="2023-01-14T11:38:48 GMT+01:00" duration-ms="24789">
    <groups>
    </groups>
    <test started-at="2023-01-14T11:38:23 GMT+01:00" name="Test2" finished-at="2023-01-14T11:38:48 GMT+01:00" duration-ms="24789">
      <class name="test.homeTest">
        <test-method signature="startBrowser(java.lang.String)[pri:0, instance:test.homeTest@7c83dc97]" started-at="2023-01-14T11:38:23 GMT+01:00" name="startBrowser" finished-at="2023-01-14T11:38:48 GMT+01:00" duration-ms="24733" status="PASS">
          <params>
            <param index="0">
              <value>
                <![CDATA[Edge]]>
              </value>
            </param>
          </params>
          <reporter-output>
          </reporter-output>
        </test-method> <!-- startBrowser -->
      </class> <!-- test.homeTest -->
    </test> <!-- Test2 -->
  </suite> <!-- Suite -->
</testng-results>
