<?xml version="1.0" encoding="UTF-8"?>
<testng-results ignored="0" total="1" passed="1" failed="0" skipped="0">
  <reporter-output>
  </reporter-output>
  <suite started-at="2023-01-14T10:07:22Z" name="Suite" finished-at="2023-01-14T10:07:43Z" duration-ms="21147">
    <groups>
    </groups>
    <test started-at="2023-01-14T10:07:22Z" name="All" finished-at="2023-01-14T10:07:43Z" duration-ms="21147">
      <class name="test.homeTest">
        <test-method signature="startBrowser(java.lang.String)[pri:0, instance:test.homeTest@68dc098b]" started-at="2023-01-14T10:07:22Z" name="startBrowser" finished-at="2023-01-14T10:07:43Z" duration-ms="21091" status="PASS">
          <params>
            <param index="0">
              <value>
                <![CDATA[Edge]]>
              </value>
            </param>
          </params>
          <reporter-output>
          </reporter-output>
        </test-method> <!-- startBrowser -->
      </class> <!-- test.homeTest -->
    </test> <!-- All -->
  </suite> <!-- Suite -->
</testng-results>
